[🌙 Tue Mar  3 00:00:01 PST 2026] Ghost-Shift Midnight session starting...
GHOST-SHIFT REPORT
═══════════════════════════════════════
Session: Midnight at Tue Mar  3 00:00:01 PST 2026
Pending tasks: 13
High priority: 11

TOP PRIORITY TASKS:
1. [PENDING] Run PR #5 - Setup persistent Cloudflare tunnel
   Category: infrastructure | ID: 16
2. [PENDING] Post LinkedIn about accounting skill
   Category: marketing | ID: 18
3. [PENDING] Test 4 v2 VC Portfolio Workflows
   Category: vc_portfolio | ID: 21
4. [PENDING] Decide on building remaining 12 VC workflows
   Category: vc_portfolio | ID: 22
5. [ACTIVE] Ghost-Shifts (Every 12hrs)
   Category: cron | ID: 23

[✅ Tue Mar  3 00:00:01 PST 2026] Ghost-Shift report generated
📊 Check logs/ghost-shift-2026-03-03.log for details
[☀️ Tue Mar  3 12:00:00 PST 2026] Ghost-Shift Midday session starting...
GHOST-SHIFT REPORT
═══════════════════════════════════════
Session: Midday at Tue Mar  3 12:00:00 PST 2026
Pending tasks: 13
High priority: 11

TOP PRIORITY TASKS:
1. [PENDING] Run PR #5 - Setup persistent Cloudflare tunnel
   Category: infrastructure | ID: 16
2. [PENDING] Post LinkedIn about accounting skill
   Category: marketing | ID: 18
3. [PENDING] Test 4 v2 VC Portfolio Workflows
   Category: vc_portfolio | ID: 21
4. [PENDING] Decide on building remaining 12 VC workflows
   Category: vc_portfolio | ID: 22
5. [ACTIVE] Ghost-Shifts (Every 12hrs)
   Category: cron | ID: 23

[✅ Tue Mar  3 12:00:00 PST 2026] Ghost-Shift report generated
📊 Check logs/ghost-shift-2026-03-03.log for details
