[🌙 Mon Mar  9 00:00:01 PDT 2026] Ghost-Shift Midnight session starting...
GHOST-SHIFT REPORT
═══════════════════════════════════════
Session: Midnight at Mon Mar  9 00:00:01 PDT 2026
Pending tasks: 9
High priority: 7

TOP PRIORITY TASKS:
1. [PENDING] Decide on building remaining 12 VC workflows
   Category: vc_portfolio | ID: 22
2. [ACTIVE] Ghost-Shifts (Every 12hrs)
   Category: cron | ID: 23
3. [ACTIVE] Mission Control Update (Every 4hrs)
   Category: cron | ID: 24
4. [ACTIVE] Relationship Ninja CRM (Bi-weekly)
   Category: cron | ID: 26
5. [PENDING] Test 4 v2 VC Portfolio Workflows
   Category: vc_portfolio | ID: 28

[✅ Mon Mar  9 00:00:01 PDT 2026] Ghost-Shift report generated
📊 Check logs/ghost-shift-2026-03-09.log for details
[☀️ Mon Mar  9 12:00:04 PDT 2026] Ghost-Shift Midday session starting...
GHOST-SHIFT REPORT
═══════════════════════════════════════
Session: Midday at Mon Mar  9 12:00:04 PDT 2026
Pending tasks: 9
High priority: 7

TOP PRIORITY TASKS:
1. [PENDING] Decide on building remaining 12 VC workflows
   Category: vc_portfolio | ID: 22
2. [ACTIVE] Ghost-Shifts (Every 12hrs)
   Category: cron | ID: 23
3. [ACTIVE] Mission Control Update (Every 4hrs)
   Category: cron | ID: 24
4. [ACTIVE] Relationship Ninja CRM (Bi-weekly)
   Category: cron | ID: 26
5. [PENDING] Test 4 v2 VC Portfolio Workflows
   Category: vc_portfolio | ID: 28

[✅ Mon Mar  9 12:00:04 PDT 2026] Ghost-Shift report generated
📊 Check logs/ghost-shift-2026-03-09.log for details
