[2026-02-25 21:54:45] Checking Moonshot API balance...
[2026-02-25 21:54:45] Actual spent: $3.48634 | Tracked: $3.491
[2026-02-25 21:54:45] Sync complete.
[2026-02-25 22:54:45] Checking Moonshot API balance...
[2026-02-25 22:54:45] Actual spent: $3.48634 | Tracked: $3.491
[2026-02-25 22:54:45] Sync complete.
[2026-02-25 23:54:45] Checking Moonshot API balance...
[2026-02-25 23:54:45] Actual spent: $3.48634 | Tracked: $6.0009999999999994
[2026-02-25 23:54:45] Sync complete.
[2026-02-26 00:54:45] Checking Moonshot API balance...
[2026-02-26 00:54:45] Actual spent: $3.48634 | Tracked: $6.0009999999999994
[2026-02-26 00:54:45] Sync complete.
[2026-02-26 02:09:17] Checking Moonshot API balance...
[2026-02-26 02:09:17] Actual spent: $3.48634 | Tracked: $
[2026-02-26 02:09:17] Sync complete.
[2026-02-26 03:09:17] Checking Moonshot API balance...
[2026-02-26 03:09:17] Actual spent: $3.48634 | Tracked: $6.0055
[2026-02-26 03:09:17] Sync complete.
[2026-02-26 04:09:18] Checking Moonshot API balance...
[2026-02-26 04:09:18] Actual spent: $3.48634 | Tracked: $10.9955
[2026-02-26 04:09:18] Sync complete.
[2026-02-26 05:09:18] Checking Moonshot API balance...
[2026-02-26 05:09:18] Actual spent: $3.48634 | Tracked: $10.9955
[2026-02-26 05:09:18] Sync complete.
[2026-02-26 06:09:18] Checking Moonshot API balance...
[2026-02-26 06:09:18] Actual spent: $3.48634 | Tracked: $10.9955
[2026-02-26 06:09:18] Sync complete.
[2026-02-26 07:09:19] Checking Moonshot API balance...
[2026-02-26 07:09:19] Actual spent: $3.48634 | Tracked: $10.9955
[2026-02-26 07:09:19] Sync complete.
[2026-02-26 08:09:19] Checking Moonshot API balance...
[2026-02-26 08:09:19] Actual spent: $3.48634 | Tracked: $10.9955
[2026-02-26 08:09:19] Sync complete.
[2026-02-26 09:09:19] Checking Moonshot API balance...
[2026-02-26 09:09:19] Actual spent: $3.48634 | Tracked: $10.9955
[2026-02-26 09:09:19] Sync complete.
[2026-02-26 10:09:20] Checking Moonshot API balance...
[2026-02-26 10:09:20] Actual spent: $3.48634 | Tracked: $10.9955
[2026-02-26 10:09:20] Sync complete.
[2026-02-26 11:09:20] Checking Moonshot API balance...
[2026-02-26 11:09:20] Actual spent: $3.48634 | Tracked: $10.9955
[2026-02-26 11:09:20] Sync complete.
[2026-02-26 12:09:21] Checking Moonshot API balance...
[2026-02-26 12:09:21] Actual spent: $3.48634 | Tracked: $10.9955
[2026-02-26 12:09:21] Sync complete.
[2026-02-26 13:09:21] Checking Moonshot API balance...
[2026-02-26 13:09:21] Actual spent: $3.48634 | Tracked: $10.9955
[2026-02-26 13:09:21] Sync complete.
[2026-02-26 14:09:21] Checking Moonshot API balance...
[2026-02-26 14:09:21] Actual spent: $3.48634 | Tracked: $8.0055
[2026-02-26 14:09:21] Sync complete.
[2026-02-26 15:09:21] Checking Moonshot API balance...
[2026-02-26 15:09:21] Actual spent: $3.48634 | Tracked: $8.0055
[2026-02-26 15:09:21] Sync complete.
[2026-02-26 16:09:22] Checking Moonshot API balance...
[2026-02-26 16:09:22] Actual spent: $3.48634 | Tracked: $8.0055
[2026-02-26 16:09:22] Sync complete.
[2026-02-26 17:09:22] Checking Moonshot API balance...
[2026-02-26 17:09:22] Actual spent: $3.48634 | Tracked: $8.0055
[2026-02-26 17:09:22] Sync complete.
[2026-02-26 18:09:22] Checking Moonshot API balance...
[2026-02-26 18:09:22] Actual spent: $3.48634 | Tracked: $8.0055
[2026-02-26 18:09:22] Sync complete.
[2026-02-26 19:09:22] Checking Moonshot API balance...
[2026-02-26 19:09:22] Actual spent: $3.48634 | Tracked: $8.0055
[2026-02-26 19:09:22] Sync complete.
[2026-02-26 20:09:22] Checking Moonshot API balance...
[2026-02-28 20:44:52] Checking Moonshot API balance...
[2026-02-28 20:44:52] Actual spent: $3.48634 | Tracked: $30.0055
[2026-02-28 20:44:52] Sync complete.
[2026-02-28 21:44:53] Checking Moonshot API balance...
[2026-02-28 21:44:53] Actual spent: $3.48634 | Tracked: $30.0055
[2026-02-28 21:44:53] Sync complete.
[2026-02-28 22:44:53] Checking Moonshot API balance...
[2026-02-28 22:44:53] Actual spent: $3.48634 | Tracked: $30.0055
[2026-02-28 22:44:53] Sync complete.
[2026-02-28 23:44:53] Checking Moonshot API balance...
[2026-02-28 23:44:53] Actual spent: $3.48634 | Tracked: $30.0055
[2026-02-28 23:44:53] Sync complete.
[2026-03-01 00:44:53] Checking Moonshot API balance...
[2026-03-01 00:44:53] Actual spent: $3.48634 | Tracked: $0
[2026-03-01 00:44:53] Discrepancy found: $3.48634
{"description":"Moonshot API usage (auto-sync)","amount":3.48634,"category":"api_call","provider":"moonshot","model":"kimi-k2.5","tokens_in":0,"tokens_out":0,"id":1772354693483,"created_at":"2026-03-01T08:44:53.483Z"}[2026-03-01 00:44:53] Correction logged: $3.48634
[2026-03-01 00:44:53] Sync complete.
[2026-03-01 01:44:53] Checking Moonshot API balance...
[2026-03-01 01:44:53] Actual spent: $3.48634 | Tracked: $3.48634
[2026-03-01 01:44:53] Sync complete.
[2026-03-01 02:44:53] Checking Moonshot API balance...
[2026-03-01 02:44:53] Actual spent: $3.48634 | Tracked: $3.48634
[2026-03-01 02:44:53] Sync complete.
[2026-03-01 03:44:53] Checking Moonshot API balance...
[2026-03-01 03:44:53] Actual spent: $3.48634 | Tracked: $3.48634
[2026-03-01 03:44:53] Sync complete.
[2026-03-01 04:44:53] Checking Moonshot API balance...
[2026-03-01 04:44:53] Actual spent: $3.48634 | Tracked: $3.48634
[2026-03-01 04:44:53] Sync complete.
[2026-03-01 05:44:54] Checking Moonshot API balance...
[2026-03-01 05:44:54] Actual spent: $3.48634 | Tracked: $3.48634
[2026-03-01 05:44:54] Sync complete.
[2026-03-01 06:44:54] Checking Moonshot API balance...
[2026-03-01 06:44:54] Actual spent: $3.48634 | Tracked: $3.48634
[2026-03-01 06:44:54] Sync complete.
[2026-03-01 07:44:54] Checking Moonshot API balance...
[2026-03-01 07:44:54] Actual spent: $3.48634 | Tracked: $3.48634
[2026-03-01 07:44:54] Sync complete.
[2026-03-01 08:44:54] Checking Moonshot API balance...
[2026-03-01 08:44:54] Actual spent: $3.48634 | Tracked: $3.48634
[2026-03-01 08:44:54] Sync complete.
[2026-03-01 09:44:54] Checking Moonshot API balance...
[2026-03-01 09:44:54] Actual spent: $3.48634 | Tracked: $3.48634
[2026-03-01 09:44:54] Sync complete.
[2026-03-01 10:44:54] Checking Moonshot API balance...
[2026-03-01 10:44:54] Actual spent: $3.48634 | Tracked: $3.48634
[2026-03-01 10:44:54] Sync complete.
[2026-03-01 11:44:54] Checking Moonshot API balance...
[2026-03-01 11:44:54] Actual spent: $3.48634 | Tracked: $3.48634
[2026-03-01 11:44:54] Sync complete.
[2026-03-01 12:44:54] Checking Moonshot API balance...
[2026-03-01 12:44:54] Actual spent: $3.48634 | Tracked: $3.48634
[2026-03-01 12:44:54] Sync complete.
[2026-03-01 13:44:54] Checking Moonshot API balance...
[2026-03-01 13:44:54] Actual spent: $3.48634 | Tracked: $3.48634
[2026-03-01 13:44:54] Sync complete.
[2026-03-01 14:44:55] Checking Moonshot API balance...
[2026-03-01 14:44:55] Actual spent: $3.48634 | Tracked: $3.48634
[2026-03-01 14:44:55] Sync complete.
[2026-03-01 15:44:55] Checking Moonshot API balance...
[2026-03-01 15:44:55] Actual spent: $3.48634 | Tracked: $3.48634
[2026-03-01 15:44:55] Sync complete.
[2026-03-01 16:44:55] Checking Moonshot API balance...
[2026-03-01 16:44:55] Actual spent: $3.48634 | Tracked: $3.48634
[2026-03-01 16:44:55] Sync complete.
[2026-03-01 17:44:55] Checking Moonshot API balance...
[2026-03-01 17:44:55] Actual spent: $3.48634 | Tracked: $3.48634
[2026-03-01 17:44:55] Sync complete.
[2026-03-01 18:44:55] Checking Moonshot API balance...
[2026-03-01 18:44:55] Actual spent: $3.48634 | Tracked: $3.48634
[2026-03-01 18:44:55] Sync complete.
[2026-03-01 19:44:55] Checking Moonshot API balance...
[2026-03-01 19:44:55] Actual spent: $3.48634 | Tracked: $3.48634
[2026-03-01 19:44:55] Sync complete.
[2026-03-01 20:44:55] Checking Moonshot API balance...
[2026-03-01 20:44:55] Actual spent: $3.48634 | Tracked: $3.48634
[2026-03-01 20:44:55] Sync complete.
[2026-03-01 21:44:55] Checking Moonshot API balance...
[2026-03-01 21:44:55] Actual spent: $3.48634 | Tracked: $
[2026-03-01 21:44:55] Sync complete.
[2026-03-01 22:44:55] Checking Moonshot API balance...
[2026-03-01 22:44:55] Actual spent: $3.48634 | Tracked: $0
[2026-03-01 22:44:55] Discrepancy found: $3.48634
{"description":"Moonshot API usage (auto-sync)","amount":3.48634,"category":"api_call","provider":"moonshot","model":"kimi-k2.5","tokens_in":0,"tokens_out":0,"id":1772433896108,"created_at":"2026-03-02T06:44:56.108Z"}[2026-03-01 22:44:55] Correction logged: $3.48634
[2026-03-01 22:44:55] Sync complete.
[2026-03-01 23:44:56] Checking Moonshot API balance...
[2026-03-01 23:44:56] Actual spent: $3.48634 | Tracked: $3.48634
[2026-03-01 23:44:56] Sync complete.
[2026-03-02 00:44:56] Checking Moonshot API balance...
[2026-03-02 00:44:56] Actual spent: $3.48634 | Tracked: $3.48634
[2026-03-02 00:44:56] Sync complete.
[2026-03-02 01:44:56] Checking Moonshot API balance...
[2026-03-02 01:44:56] Actual spent: $3.48634 | Tracked: $3.48634
[2026-03-02 01:44:56] Sync complete.
[2026-03-02 02:44:56] Checking Moonshot API balance...
[2026-03-02 02:44:56] Actual spent: $3.48634 | Tracked: $3.48634
[2026-03-02 02:44:56] Sync complete.
[2026-03-02 03:44:56] Checking Moonshot API balance...
[2026-03-02 03:44:56] Actual spent: $3.48634 | Tracked: $3.48634
[2026-03-02 03:44:56] Sync complete.
[2026-03-02 04:44:56] Checking Moonshot API balance...
[2026-03-02 04:44:56] Actual spent: $3.48634 | Tracked: $3.48634
[2026-03-02 04:44:56] Sync complete.
[2026-03-02 05:44:56] Checking Moonshot API balance...
[2026-03-02 05:44:56] Actual spent: $3.48634 | Tracked: $3.4873290000000012
[2026-03-02 05:44:56] Sync complete.
[2026-03-02 06:44:57] Checking Moonshot API balance...
[2026-03-02 06:44:57] Actual spent: $3.48634 | Tracked: $3.4873290000000012
[2026-03-02 06:44:57] Sync complete.
[2026-03-02 07:44:57] Checking Moonshot API balance...
[2026-03-02 07:44:57] Actual spent: $3.48634 | Tracked: $3.4873290000000012
[2026-03-02 07:44:57] Sync complete.
[2026-03-02 08:44:57] Checking Moonshot API balance...
[2026-03-02 08:44:57] Actual spent: $3.48634 | Tracked: $3.4873290000000012
[2026-03-02 08:44:57] Sync complete.
[2026-03-05 02:23:32] Checking Moonshot API balance...
[2026-03-05 02:23:32] Actual spent: $3.48634 | Tracked: $
[2026-03-05 02:23:32] Sync complete.
[2026-03-05 03:23:32] Checking Moonshot API balance...
[2026-03-05 03:23:32] Actual spent: $3.48634 | Tracked: $
[2026-03-05 03:23:32] Sync complete.
[2026-03-05 04:23:33] Checking Moonshot API balance...
[2026-03-05 04:23:33] Actual spent: $3.48634 | Tracked: $
[2026-03-05 04:23:33] Sync complete.
[2026-03-05 05:23:33] Checking Moonshot API balance...
[2026-03-05 05:23:33] Actual spent: $3.48634 | Tracked: $
[2026-03-05 05:23:33] Sync complete.
[2026-03-05 06:23:33] Checking Moonshot API balance...
[2026-03-05 06:23:33] Actual spent: $3.48634 | Tracked: $
[2026-03-05 06:23:33] Sync complete.
[2026-03-05 07:23:33] Checking Moonshot API balance...
[2026-03-05 07:23:33] Actual spent: $3.48634 | Tracked: $
[2026-03-05 07:23:33] Sync complete.
[2026-03-05 08:23:33] Checking Moonshot API balance...
[2026-03-05 08:23:33] Actual spent: $3.48634 | Tracked: $
[2026-03-05 08:23:33] Sync complete.
[2026-03-05 09:23:33] Checking Moonshot API balance...
[2026-03-05 09:23:33] Actual spent: $3.48634 | Tracked: $
[2026-03-05 09:23:33] Sync complete.
[2026-03-05 10:23:33] Checking Moonshot API balance...
[2026-03-05 10:23:33] Actual spent: $3.48634 | Tracked: $
[2026-03-05 10:23:33] Sync complete.
[2026-03-05 11:23:33] Checking Moonshot API balance...
[2026-03-05 11:23:33] Actual spent: $3.48634 | Tracked: $
[2026-03-05 11:23:33] Sync complete.
[2026-03-05 12:23:34] Checking Moonshot API balance...
[2026-03-05 12:23:34] Actual spent: $3.48634 | Tracked: $
[2026-03-05 12:23:34] Sync complete.
[2026-03-05 13:23:34] Checking Moonshot API balance...
[2026-03-05 13:23:34] Actual spent: $3.48634 | Tracked: $
[2026-03-05 13:23:34] Sync complete.
[2026-03-05 14:23:34] Checking Moonshot API balance...
[2026-03-05 14:23:34] Actual spent: $3.48634 | Tracked: $
[2026-03-05 14:23:34] Sync complete.
[2026-03-05 15:23:34] Checking Moonshot API balance...
[2026-03-05 15:23:34] Actual spent: $3.48634 | Tracked: $
[2026-03-05 15:23:34] Sync complete.
[2026-03-05 16:23:34] Checking Moonshot API balance...
[2026-03-05 16:23:34] Actual spent: $3.48634 | Tracked: $
[2026-03-05 16:23:34] Sync complete.
[2026-03-05 17:23:34] Checking Moonshot API balance...
[2026-03-05 17:23:34] Actual spent: $3.48634 | Tracked: $
[2026-03-05 17:23:34] Sync complete.
[2026-03-05 18:23:34] Checking Moonshot API balance...
[2026-03-06 01:37:39] Actual spent: $3.48634 | Tracked: $
[2026-03-06 01:37:39] Sync complete.
[2026-03-07 01:25:20] Checking Moonshot API balance...
[2026-03-07 01:25:20] Actual spent: $3.48634 | Tracked: $
[2026-03-07 01:25:20] Sync complete.
[2026-03-07 02:25:20] Checking Moonshot API balance...
[2026-03-07 02:25:20] Actual spent: $3.48634 | Tracked: $
[2026-03-07 02:25:20] Sync complete.
[2026-03-07 06:25:21] Checking Moonshot API balance...
[2026-03-07 06:25:21] Actual spent: $3.48634 | Tracked: $
[2026-03-07 06:25:21] Sync complete.
[2026-03-07 07:25:21] Checking Moonshot API balance...
[2026-03-07 07:25:21] Actual spent: $3.48634 | Tracked: $
[2026-03-07 07:25:21] Sync complete.
[2026-03-07 08:25:21] Checking Moonshot API balance...
[2026-03-07 08:25:21] Actual spent: $3.48634 | Tracked: $
[2026-03-07 08:25:21] Sync complete.
[2026-03-07 09:25:21] Checking Moonshot API balance...
[2026-03-07 09:25:21] Actual spent: $3.48634 | Tracked: $
[2026-03-07 09:25:21] Sync complete.
[2026-03-07 10:25:21] Checking Moonshot API balance...
[2026-03-07 10:25:21] Actual spent: $3.48634 | Tracked: $
[2026-03-07 10:25:21] Sync complete.
[2026-03-07 11:25:21] Checking Moonshot API balance...
[2026-03-07 11:25:21] Actual spent: $3.48634 | Tracked: $
[2026-03-07 11:25:21] Sync complete.
[2026-03-07 12:25:22] Checking Moonshot API balance...
[2026-03-07 12:25:22] Actual spent: $3.48634 | Tracked: $
[2026-03-07 12:25:22] Sync complete.
[2026-03-07 14:25:22] Checking Moonshot API balance...
[2026-03-07 14:25:22] Actual spent: $3.48634 | Tracked: $
[2026-03-07 14:25:22] Sync complete.
[2026-03-07 15:25:22] Checking Moonshot API balance...
[2026-03-07 15:25:22] Actual spent: $3.48634 | Tracked: $
[2026-03-07 15:25:22] Sync complete.
[2026-03-07 16:25:22] Checking Moonshot API balance...
[2026-03-07 16:25:22] Actual spent: $3.48634 | Tracked: $
[2026-03-07 16:25:22] Sync complete.
[2026-03-07 17:25:22] Checking Moonshot API balance...
[2026-03-07 17:25:22] Actual spent: $3.48634 | Tracked: $
[2026-03-07 17:25:22] Sync complete.
[2026-03-07 18:25:22] Checking Moonshot API balance...
[2026-03-07 18:25:22] Actual spent: $3.48634 | Tracked: $
[2026-03-07 18:25:22] Sync complete.
[2026-03-07 19:25:22] Checking Moonshot API balance...
[2026-03-07 19:25:22] Actual spent: $3.48634 | Tracked: $
[2026-03-07 19:25:22] Sync complete.
[2026-03-07 20:25:22] Checking Moonshot API balance...
[2026-03-07 20:25:22] Actual spent: $3.48634 | Tracked: $
[2026-03-07 20:25:22] Sync complete.
[2026-03-07 21:25:22] Checking Moonshot API balance...
[2026-03-07 21:25:22] Actual spent: $3.48634 | Tracked: $
[2026-03-07 21:25:22] Sync complete.
[2026-03-07 22:25:23] Checking Moonshot API balance...
[2026-03-07 22:25:23] Actual spent: $3.48634 | Tracked: $
[2026-03-07 22:25:23] Sync complete.
[2026-03-07 23:25:23] Checking Moonshot API balance...
[2026-03-07 23:25:23] Actual spent: $3.48634 | Tracked: $
[2026-03-07 23:25:23] Sync complete.
[2026-03-08 00:25:23] Checking Moonshot API balance...
[2026-03-08 00:25:23] Actual spent: $3.48634 | Tracked: $3.4873290000000012
[2026-03-08 00:25:23] Sync complete.
[2026-03-08 01:25:23] Checking Moonshot API balance...
[2026-03-08 01:25:23] Actual spent: $3.48634 | Tracked: $3.4873290000000012
[2026-03-08 01:25:23] Sync complete.
[2026-03-08 03:25:23] Checking Moonshot API balance...
[2026-03-08 03:25:23] Actual spent: $3.48634 | Tracked: $3.4873290000000012
[2026-03-08 03:25:23] Sync complete.
[2026-03-08 04:25:23] Checking Moonshot API balance...
[2026-03-08 04:25:23] Actual spent: $3.48634 | Tracked: $3.4873290000000012
[2026-03-08 04:25:23] Sync complete.
[2026-03-08 05:25:24] Checking Moonshot API balance...
[2026-03-08 05:25:24] Actual spent: $3.48634 | Tracked: $3.4873290000000012
[2026-03-08 05:25:24] Sync complete.
[2026-03-08 06:25:24] Checking Moonshot API balance...
[2026-03-08 06:25:24] Actual spent: $3.48634 | Tracked: $3.4873290000000012
[2026-03-08 06:25:24] Sync complete.
[2026-03-08 07:25:24] Checking Moonshot API balance...
[2026-03-08 07:25:24] Actual spent: $3.48634 | Tracked: $3.4873290000000012
[2026-03-08 07:25:24] Sync complete.
[2026-03-08 08:25:24] Checking Moonshot API balance...
[2026-03-08 08:25:24] Actual spent: $3.48634 | Tracked: $3.4873290000000012
[2026-03-08 08:25:24] Sync complete.
[2026-03-08 09:25:24] Checking Moonshot API balance...
[2026-03-08 09:25:24] Actual spent: $3.48634 | Tracked: $3.4873290000000012
[2026-03-08 09:25:24] Sync complete.
[2026-03-08 10:25:24] Checking Moonshot API balance...
[2026-03-08 10:25:24] Actual spent: $3.48634 | Tracked: $3.4873290000000012
[2026-03-08 10:25:24] Sync complete.
[2026-03-08 11:25:24] Checking Moonshot API balance...
[2026-03-08 11:25:24] Actual spent: $3.48634 | Tracked: $3.4873290000000012
[2026-03-08 11:25:24] Sync complete.
[2026-03-08 12:25:25] Checking Moonshot API balance...
[2026-03-08 12:25:25] Actual spent: $3.48634 | Tracked: $3.4873290000000012
[2026-03-08 12:25:25] Sync complete.
[2026-03-08 13:25:25] Checking Moonshot API balance...
[2026-03-08 13:25:25] Actual spent: $3.48634 | Tracked: $3.4873290000000012
[2026-03-08 13:25:25] Sync complete.
[2026-03-08 14:25:25] Checking Moonshot API balance...
[2026-03-08 14:25:25] Actual spent: $3.48634 | Tracked: $3.4873290000000012
[2026-03-08 14:25:25] Sync complete.
[2026-03-08 15:25:25] Checking Moonshot API balance...
[2026-03-08 15:25:25] Actual spent: $3.48634 | Tracked: $3.4873290000000012
[2026-03-08 15:25:25] Sync complete.
[2026-03-08 16:25:25] Checking Moonshot API balance...
[2026-03-08 16:25:25] Actual spent: $3.48634 | Tracked: $3.4873290000000012
[2026-03-08 16:25:25] Sync complete.
[2026-03-08 17:25:25] Checking Moonshot API balance...
[2026-03-08 17:25:25] Actual spent: $3.48634 | Tracked: $3.4873290000000012
[2026-03-08 17:25:25] Sync complete.
[2026-03-08 18:25:25] Checking Moonshot API balance...
[2026-03-08 18:25:25] Actual spent: $3.48634 | Tracked: $3.4873290000000012
[2026-03-08 18:25:25] Sync complete.
[2026-03-08 19:25:25] Checking Moonshot API balance...
[2026-03-08 19:25:25] Actual spent: $3.48634 | Tracked: $3.4873290000000012
[2026-03-08 19:25:25] Sync complete.
[2026-03-08 20:25:26] Checking Moonshot API balance...
[2026-03-08 20:25:26] Actual spent: $3.48634 | Tracked: $3.4873290000000012
[2026-03-08 20:25:26] Sync complete.
[2026-03-08 21:25:26] Checking Moonshot API balance...
[2026-03-08 21:25:26] Actual spent: $3.48634 | Tracked: $3.4873290000000012
[2026-03-08 21:25:26] Sync complete.
[2026-03-08 22:25:26] Checking Moonshot API balance...
[2026-03-08 22:25:26] Actual spent: $3.48634 | Tracked: $3.4873290000000012
[2026-03-08 22:25:26] Sync complete.
[2026-03-08 23:25:26] Checking Moonshot API balance...
[2026-03-08 23:25:26] Actual spent: $3.48634 | Tracked: $3.4873290000000012
[2026-03-08 23:25:26] Sync complete.
[2026-03-09 00:25:26] Checking Moonshot API balance...
[2026-03-09 00:25:26] Actual spent: $3.48634 | Tracked: $3.4873290000000012
[2026-03-09 00:25:26] Sync complete.
[2026-03-09 01:25:26] Checking Moonshot API balance...
[2026-03-09 01:25:26] Actual spent: $3.48634 | Tracked: $3.4873290000000012
[2026-03-09 01:25:26] Sync complete.
[2026-03-09 02:25:27] Checking Moonshot API balance...
[2026-03-09 02:25:27] Actual spent: $3.48634 | Tracked: $3.4873290000000012
[2026-03-09 02:25:27] Sync complete.
[2026-03-09 03:25:27] Checking Moonshot API balance...
[2026-03-09 03:25:27] Actual spent: $3.48634 | Tracked: $3.4873290000000012
[2026-03-09 03:25:27] Sync complete.
[2026-03-09 04:25:27] Checking Moonshot API balance...
[2026-03-09 04:25:27] Actual spent: $3.48634 | Tracked: $3.4873290000000012
[2026-03-09 04:25:27] Sync complete.
[2026-03-09 05:25:27] Checking Moonshot API balance...
[2026-03-09 05:25:27] Actual spent: $3.48634 | Tracked: $3.4873290000000012
[2026-03-09 05:25:27] Sync complete.
[2026-03-09 06:25:27] Checking Moonshot API balance...
[2026-03-09 06:25:27] Actual spent: $3.48634 | Tracked: $3.4873290000000012
[2026-03-09 06:25:27] Sync complete.
[2026-03-09 07:25:27] Checking Moonshot API balance...
[2026-03-09 07:25:27] Actual spent: $3.48634 | Tracked: $3.4873290000000012
[2026-03-09 07:25:27] Sync complete.
[2026-03-09 08:25:27] Checking Moonshot API balance...
[2026-03-09 08:25:27] Actual spent: $3.48634 | Tracked: $3.4873290000000012
[2026-03-09 08:25:27] Sync complete.
[2026-03-09 09:25:27] Checking Moonshot API balance...
[2026-03-09 09:25:27] Actual spent: $3.48634 | Tracked: $3.4873290000000012
[2026-03-09 09:25:27] Sync complete.
[2026-03-09 10:25:27] Checking Moonshot API balance...
[2026-03-09 10:25:27] Actual spent: $3.48634 | Tracked: $3.4873290000000012
[2026-03-09 10:25:27] Sync complete.
[2026-03-09 11:25:27] Checking Moonshot API balance...
[2026-03-09 11:25:27] Actual spent: $3.48634 | Tracked: $3.4873290000000012
[2026-03-09 11:25:27] Sync complete.
[2026-03-09 12:25:27] Checking Moonshot API balance...
[2026-03-09 12:25:27] Actual spent: $3.48634 | Tracked: $3.4873290000000012
[2026-03-09 12:25:27] Sync complete.
[2026-03-09 13:25:27] Checking Moonshot API balance...
[2026-03-09 13:25:27] Actual spent: $3.48634 | Tracked: $3.4873290000000012
[2026-03-09 13:25:27] Sync complete.
[2026-03-09 14:25:27] Checking Moonshot API balance...
[2026-03-09 14:25:27] Actual spent: $3.48634 | Tracked: $3.4873290000000012
[2026-03-09 14:25:27] Sync complete.
[2026-03-09 15:25:27] Checking Moonshot API balance...
[2026-03-09 15:25:27] Actual spent: $3.48634 | Tracked: $3.4873290000000012
[2026-03-09 15:25:27] Sync complete.
[2026-03-09 16:25:27] Checking Moonshot API balance...
[2026-03-09 16:25:27] Actual spent: $3.48634 | Tracked: $3.4873290000000012
[2026-03-09 16:25:27] Sync complete.
[2026-03-09 17:25:28] Checking Moonshot API balance...
[2026-03-09 17:25:28] Actual spent: $3.48634 | Tracked: $3.4873290000000012
[2026-03-09 17:25:28] Sync complete.
[2026-03-09 18:25:28] Checking Moonshot API balance...
[2026-03-09 18:25:28] Actual spent: $3.48634 | Tracked: $3.4873290000000012
[2026-03-09 18:25:28] Sync complete.
[2026-03-09 19:25:28] Checking Moonshot API balance...
[2026-03-09 19:25:28] Actual spent: $3.48634 | Tracked: $3.4873290000000012
[2026-03-09 19:25:28] Sync complete.
[2026-03-09 20:25:28] Checking Moonshot API balance...
[2026-03-09 20:25:28] Actual spent: $3.48634 | Tracked: $3.4873290000000012
[2026-03-09 20:25:28] Sync complete.
[2026-03-09 21:25:28] Checking Moonshot API balance...
[2026-03-09 21:25:28] Actual spent: $3.48634 | Tracked: $3.4873290000000012
[2026-03-09 21:25:28] Sync complete.
[2026-03-09 22:25:28] Checking Moonshot API balance...
[2026-03-09 22:25:28] Actual spent: $3.48634 | Tracked: $3.4873290000000012
[2026-03-09 22:25:28] Sync complete.
[2026-03-09 23:25:28] Checking Moonshot API balance...
[2026-03-09 23:25:28] Actual spent: $3.48634 | Tracked: $3.4873290000000012
[2026-03-09 23:25:28] Sync complete.
[2026-03-10 00:25:28] Checking Moonshot API balance...
[2026-03-10 00:25:28] Actual spent: $3.48634 | Tracked: $3.4873290000000012
[2026-03-10 00:25:28] Sync complete.
[2026-03-10 01:25:28] Checking Moonshot API balance...
[2026-03-10 01:25:28] Actual spent: $3.48634 | Tracked: $3.4873290000000012
[2026-03-10 01:25:28] Sync complete.
[2026-03-10 02:25:29] Checking Moonshot API balance...
[2026-03-10 02:25:29] Actual spent: $3.48634 | Tracked: $3.4873290000000012
[2026-03-10 02:25:29] Sync complete.
[2026-03-10 03:25:29] Checking Moonshot API balance...
[2026-03-10 03:25:29] Actual spent: $3.48634 | Tracked: $3.4873290000000012
[2026-03-10 03:25:29] Sync complete.
[2026-03-10 04:25:29] Checking Moonshot API balance...
[2026-03-10 04:25:29] Actual spent: $3.48634 | Tracked: $3.4873290000000012
[2026-03-10 04:25:29] Sync complete.
[2026-03-10 05:25:29] Checking Moonshot API balance...
[2026-03-10 05:25:29] Actual spent: $3.48634 | Tracked: $3.4873290000000012
[2026-03-10 05:25:29] Sync complete.
[2026-03-10 06:25:29] Checking Moonshot API balance...
[2026-03-10 06:25:29] Actual spent: $3.48634 | Tracked: $3.4873290000000012
[2026-03-10 06:25:29] Sync complete.
[2026-03-10 07:25:29] Checking Moonshot API balance...
[2026-03-10 07:25:29] Actual spent: $3.48634 | Tracked: $3.4873290000000012
[2026-03-10 07:25:29] Sync complete.
[2026-03-10 08:25:29] Checking Moonshot API balance...
[2026-03-10 08:25:29] Actual spent: $3.48634 | Tracked: $3.4873290000000012
[2026-03-10 08:25:29] Sync complete.
[2026-03-10 09:25:29] Checking Moonshot API balance...
[2026-03-10 09:25:29] Actual spent: $3.48634 | Tracked: $3.4873290000000012
[2026-03-10 09:25:29] Sync complete.
[2026-03-10 10:25:30] Checking Moonshot API balance...
[2026-03-10 10:25:30] Actual spent: $3.48634 | Tracked: $3.4873290000000012
[2026-03-10 10:25:30] Sync complete.
[2026-03-10 11:25:30] Checking Moonshot API balance...
[2026-03-10 11:25:30] Actual spent: $3.48634 | Tracked: $3.4873290000000012
[2026-03-10 11:25:30] Sync complete.
[2026-03-10 12:25:30] Checking Moonshot API balance...
[2026-03-10 12:25:30] Actual spent: $3.48634 | Tracked: $3.4873290000000012
[2026-03-10 12:25:30] Sync complete.
[2026-03-10 13:25:30] Checking Moonshot API balance...
[2026-03-10 13:25:30] Actual spent: $3.48634 | Tracked: $3.4873290000000012
[2026-03-10 13:25:30] Sync complete.
[2026-03-10 14:25:30] Checking Moonshot API balance...
[2026-03-10 14:25:30] Actual spent: $3.48634 | Tracked: $3.4873290000000012
[2026-03-10 14:25:30] Sync complete.
[2026-03-10 15:25:30] Checking Moonshot API balance...
[2026-03-10 15:25:30] Actual spent: $3.48634 | Tracked: $3.4873290000000012
[2026-03-10 15:25:30] Sync complete.
[2026-03-10 16:25:30] Checking Moonshot API balance...
[2026-03-10 16:25:30] Actual spent: $3.48634 | Tracked: $3.4873290000000012
[2026-03-10 16:25:30] Sync complete.
[2026-03-10 17:25:30] Checking Moonshot API balance...
[2026-03-10 17:25:30] Actual spent: $3.48634 | Tracked: $3.4873290000000012
[2026-03-10 17:25:30] Sync complete.
[2026-03-10 18:25:31] Checking Moonshot API balance...
[2026-03-10 18:25:31] Actual spent: $3.48634 | Tracked: $3.4873290000000012
[2026-03-10 18:25:31] Sync complete.
[2026-03-10 19:25:31] Checking Moonshot API balance...
[2026-03-10 19:25:31] Actual spent: $3.48634 | Tracked: $3.4873290000000012
[2026-03-10 19:25:31] Sync complete.
[2026-03-10 20:25:31] Checking Moonshot API balance...
[2026-03-10 20:25:31] Actual spent: $3.48634 | Tracked: $3.4873290000000012
[2026-03-10 20:25:31] Sync complete.
